0 info it worked if it ends with ok
1 verbose cli [ '/usr/local/bin/node', '/usr/local/bin/npm', 'run', 'start' ]
2 info using npm@3.9.5
3 info using node@v6.2.2
4 verbose run-script [ 'prestart', 'start', 'poststart' ]
5 info lifecycle gift-api@0.0.0~prestart: gift-api@0.0.0
6 verbose lifecycle gift-api@0.0.0~prestart: unsafe-perm in lifecycle true
7 verbose lifecycle gift-api@0.0.0~prestart: PATH: /usr/local/lib/node_modules/npm/bin/node-gyp-bin:/data/projects/gift-api/node_modules/.bin:/usr/local/bin:/usr/local/bin:/usr/bin:/bin:/usr/sbin:/sbin:/Users/Cash/Library/Android/sdk/tools:/Users/Cash/Library/Android/sdk/platform-tools
8 verbose lifecycle gift-api@0.0.0~prestart: CWD: /data/projects/gift-api
9 silly lifecycle gift-api@0.0.0~prestart: Args: [ '-c', 'babel src --out-dir dist' ]
10 silly lifecycle gift-api@0.0.0~prestart: Returned: code: 0  signal: null
11 info lifecycle gift-api@0.0.0~start: gift-api@0.0.0
12 verbose lifecycle gift-api@0.0.0~start: unsafe-perm in lifecycle true
13 verbose lifecycle gift-api@0.0.0~start: PATH: /usr/local/lib/node_modules/npm/bin/node-gyp-bin:/data/projects/gift-api/node_modules/.bin:/usr/local/bin:/usr/local/bin:/usr/bin:/bin:/usr/sbin:/sbin:/Users/Cash/Library/Android/sdk/tools:/Users/Cash/Library/Android/sdk/platform-tools
14 verbose lifecycle gift-api@0.0.0~start: CWD: /data/projects/gift-api
15 silly lifecycle gift-api@0.0.0~start: Args: [ '-c', 'node bootstrap.js' ]
16 silly lifecycle gift-api@0.0.0~start: Returned: code: 1  signal: null
17 info lifecycle gift-api@0.0.0~start: Failed to exec start script
18 verbose stack Error: gift-api@0.0.0 start: `node bootstrap.js`
18 verbose stack Exit status 1
18 verbose stack     at EventEmitter.<anonymous> (/usr/local/lib/node_modules/npm/lib/utils/lifecycle.js:245:16)
18 verbose stack     at emitTwo (events.js:106:13)
18 verbose stack     at EventEmitter.emit (events.js:191:7)
18 verbose stack     at ChildProcess.<anonymous> (/usr/local/lib/node_modules/npm/lib/utils/spawn.js:24:14)
18 verbose stack     at emitTwo (events.js:106:13)
18 verbose stack     at ChildProcess.emit (events.js:191:7)
18 verbose stack     at maybeClose (internal/child_process.js:852:16)
18 verbose stack     at Process.ChildProcess._handle.onexit (internal/child_process.js:215:5)
19 verbose pkgid gift-api@0.0.0
20 verbose cwd /data/projects/gift-api
21 error Darwin 16.1.0
22 error argv "/usr/local/bin/node" "/usr/local/bin/npm" "run" "start"
23 error node v6.2.2
24 error npm  v3.9.5
25 error code ELIFECYCLE
26 error gift-api@0.0.0 start: `node bootstrap.js`
26 error Exit status 1
27 error Failed at the gift-api@0.0.0 start script 'node bootstrap.js'.
27 error Make sure you have the latest version of node.js and npm installed.
27 error If you do, this is most likely a problem with the gift-api package,
27 error not with npm itself.
27 error Tell the author that this fails on your system:
27 error     node bootstrap.js
27 error You can get information on how to open an issue for this project with:
27 error     npm bugs gift-api
27 error Or if that isn't available, you can get their info via:
27 error     npm owner ls gift-api
27 error There is likely additional logging output above.
28 verbose exit [ 1, true ]
